producer_class	xtools.gsea.Gsea
producer_timestamp	1725353944800
param	zip_report	false
param	num	100
param	scoring_scheme	weighted
param	norm	meandiv
param	out	/home/umr1170/gsea_home/output/sep03
param	mode	Max_probe
param	include_only_symbols	true
param	set_max	500
param	gmx	ftp.broadinstitute.org://pub/gsea/gene_sets/c2.cp.kegg_legacy.v2024.1.Hs.symbols.gmt
param	plot_top_x	20
param	nperm	1000
param	order	descending
param	rpt_label	my_analysis
param	rnd_seed	timestamp
param	set_min	15
param	res	/home/umr1170/Bureau/fabrication_R_packages/file_of_interest_for_package_gseahelptools/Bcell_viper_dataset/normalized_counts.txt
param	create_svgs	false
param	cls	/home/umr1170/Bureau/fabrication_R_packages/file_of_interest_for_package_gseahelptools/Bcell_viper_dataset/bcell_viper.cls#CC_versus_N
param	sort	real
param	create_gcts	false
param	help	false
param	save_rnd_lists	false
param	median	false
param	metric	Signal2Noise
param	make_sets	true
param	rnd_type	no_balance
param	gui	false
param	permute	gene_set
param	collapse	No_Collapse

file	/home/umr1170/gsea_home/output/sep03/my_analysis.Gsea.1725353944800/index.html
